# JRE version: Java(TM) SE Runtime Environment (8.0_101-b13) (build 1.8.0_101-b13)
# Java VM: Java HotSpot(TM) 64-Bit Server VM (25.101-b13 mixed mode windows-amd64 compressed oops)
Heap:
 PSYoungGen      total 216576K, used 120860K [0x00000000eab00000, 0x00000000f9380000, 0x0000000100000000)
  eden space 202240K, 52% used [0x00000000eab00000,0x00000000f130f240,0x00000000f7080000)
  from space 14336K, 99% used [0x00000000f8580000,0x00000000f9378040,0x00000000f9380000)
  to   space 17408K, 0% used [0x00000000f7180000,0x00000000f7180000,0x00000000f8280000)
 ParOldGen       total 87040K, used 22279K [0x00000000c0000000, 0x00000000c5500000, 0x00000000eab00000)
  object space 87040K, 25% used [0x00000000c0000000,0x00000000c15c1e80,0x00000000c5500000)
 Metaspace       used 42994K, capacity 44056K, committed 44376K, reserved 1087488K
  class space    used 5919K, capacity 6207K, committed 6272K, reserved 1048576K
GC Heap History (10 events):
Event: 9.172 GC heap before
{Heap before GC invocations=8 (full 1):
 PSYoungGen      total 109056K, used 109034K [0x00000000eab00000, 0x00000000f2280000, 0x0000000100000000)
  eden space 102912K, 100% used [0x00000000eab00000,0x00000000f0f80000,0x00000000f0f80000)
  from space 6144K, 99% used [0x00000000f1c80000,0x00000000f227a8c0,0x00000000f2280000)
  to   space 9728K, 0% used [0x00000000f0f80000,0x00000000f0f80000,0x00000000f1900000)
 ParOldGen       total 60928K, used 10983K [0x00000000c0000000, 0x00000000c3b80000, 0x00000000eab00000)
  object space 60928K, 18% used [0x00000000c0000000,0x00000000c0ab9e00,0x00000000c3b80000)
 Metaspace       used 33674K, capacity 34190K, committed 34560K, reserved 1079296K
  class space    used 4665K, capacity 4811K, committed 4864K, reserved 1048576K
Event: 9.207 GC heap after
Heap after GC invocations=8 (full 1):
 PSYoungGen      total 112640K, used 9719K [0x00000000eab00000, 0x00000000f5c80000, 0x0000000100000000)
  eden space 102912K, 0% used [0x00000000eab00000,0x00000000eab00000,0x00000000f0f80000)
  from space 9728K, 99% used [0x00000000f0f80000,0x00000000f18fddc8,0x00000000f1900000)
  to   space 11776K, 0% used [0x00000000f5100000,0x00000000f5100000,0x00000000f5c80000)
 ParOldGen       total 60928K, used 12374K [0x00000000c0000000, 0x00000000c3b80000, 0x00000000eab00000)
  object space 60928K, 20% used [0x00000000c0000000,0x00000000c0c15ba0,0x00000000c3b80000)
 Metaspace       used 33674K, capacity 34190K, committed 34560K, reserved 1079296K
  class space    used 4665K, capacity 4811K, committed 4864K, reserved 1048576K
}
Event: 9.510 GC heap before
{Heap before GC invocations=9 (full 1):
 PSYoungGen      total 112640K, used 28260K [0x00000000eab00000, 0x00000000f5c80000, 0x0000000100000000)
  eden space 102912K, 18% used [0x00000000eab00000,0x00000000ebd1b588,0x00000000f0f80000)
  from space 9728K, 99% used [0x00000000f0f80000,0x00000000f18fddc8,0x00000000f1900000)
  to   space 11776K, 0% used [0x00000000f5100000,0x00000000f5100000,0x00000000f5c80000)
 ParOldGen       total 60928K, used 12374K [0x00000000c0000000, 0x00000000c3b80000, 0x00000000eab00000)
  object space 60928K, 20% used [0x00000000c0000000,0x00000000c0c15ba0,0x00000000c3b80000)
 Metaspace       used 34667K, capacity 35140K, committed 35416K, reserved 1079296K
  class space    used 4822K, capacity 4980K, committed 4992K, reserved 1048576K
Event: 9.527 GC heap after
Heap after GC invocations=9 (full 1):
 PSYoungGen      total 169472K, used 9780K [0x00000000eab00000, 0x00000000f6900000, 0x0000000100000000)
  eden space 157696K, 0% used [0x00000000eab00000,0x00000000eab00000,0x00000000f4500000)
  from space 11776K, 83% used [0x00000000f5100000,0x00000000f5a8d030,0x00000000f5c80000)
  to   space 12288K, 0% used [0x00000000f4500000,0x00000000f4500000,0x00000000f5100000)
 ParOldGen       total 60928K, used 12382K [0x00000000c0000000, 0x00000000c3b80000, 0x00000000eab00000)
  object space 60928K, 20% used [0x00000000c0000000,0x00000000c0c17ba0,0x00000000c3b80000)
 Metaspace       used 34667K, capacity 35140K, committed 35416K, reserved 1079296K
  class space    used 4822K, capacity 4980K, committed 4992K, reserved 1048576K
}
Event: 9.527 GC heap before
{Heap before GC invocations=10 (full 2):
 PSYoungGen      total 169472K, used 9780K [0x00000000eab00000, 0x00000000f6900000, 0x0000000100000000)
  eden space 157696K, 0% used [0x00000000eab00000,0x00000000eab00000,0x00000000f4500000)
  from space 11776K, 83% used [0x00000000f5100000,0x00000000f5a8d030,0x00000000f5c80000)
  to   space 12288K, 0% used [0x00000000f4500000,0x00000000f4500000,0x00000000f5100000)
 ParOldGen       total 60928K, used 12382K [0x00000000c0000000, 0x00000000c3b80000, 0x00000000eab00000)
  object space 60928K, 20% used [0x00000000c0000000,0x00000000c0c17ba0,0x00000000c3b80000)
 Metaspace       used 34667K, capacity 35140K, committed 35416K, reserved 1079296K
  class space    used 4822K, capacity 4980K, committed 4992K, reserved 1048576K
Event: 9.659 GC heap after
Heap after GC invocations=10 (full 2):
 PSYoungGen      total 169472K, used 0K [0x00000000eab00000, 0x00000000f6900000, 0x0000000100000000)
  eden space 157696K, 0% used [0x00000000eab00000,0x00000000eab00000,0x00000000f4500000)
  from space 11776K, 0% used [0x00000000f5100000,0x00000000f5100000,0x00000000f5c80000)
  to   space 12288K, 0% used [0x00000000f4500000,0x00000000f4500000,0x00000000f5100000)
 ParOldGen       total 87040K, used 15892K [0x00000000c0000000, 0x00000000c5500000, 0x00000000eab00000)
  object space 87040K, 18% used [0x00000000c0000000,0x00000000c0f851c8,0x00000000c5500000)
 Metaspace       used 34667K, capacity 35140K, committed 35416K, reserved 1079296K
  class space    used 4822K, capacity 4980K, committed 4992K, reserved 1048576K
}
Event: 12.137 GC heap before
{Heap before GC invocations=11 (full 2):
 PSYoungGen      total 169472K, used 157696K [0x00000000eab00000, 0x00000000f6900000, 0x0000000100000000)
  eden space 157696K, 100% used [0x00000000eab00000,0x00000000f4500000,0x00000000f4500000)
  from space 11776K, 0% used [0x00000000f5100000,0x00000000f5100000,0x00000000f5c80000)
  to   space 12288K, 0% used [0x00000000f4500000,0x00000000f4500000,0x00000000f5100000)
 ParOldGen       total 87040K, used 15892K [0x00000000c0000000, 0x00000000c5500000, 0x00000000eab00000)
  object space 87040K, 18% used [0x00000000c0000000,0x00000000c0f851c8,0x00000000c5500000)
 Metaspace       used 38794K, capacity 39638K, committed 39768K, reserved 1083392K
  class space    used 5422K, capacity 5659K, committed 5760K, reserved 1048576K
Event: 12.169 GC heap after
Heap after GC invocations=11 (full 2):
 PSYoungGen      total 169984K, used 12272K [0x00000000eab00000, 0x00000000f9380000, 0x0000000100000000)
  eden space 157696K, 0% used [0x00000000eab00000,0x00000000eab00000,0x00000000f4500000)
  from space 12288K, 99% used [0x00000000f4500000,0x00000000f50fc020,0x00000000f5100000)
  to   space 14336K, 0% used [0x00000000f8580000,0x00000000f8580000,0x00000000f9380000)
 ParOldGen       total 87040K, used 18045K [0x00000000c0000000, 0x00000000c5500000, 0x00000000eab00000)
  object space 87040K, 20% used [0x00000000c0000000,0x00000000c119f628,0x00000000c5500000)
 Metaspace       used 38794K, capacity 39638K, committed 39768K, reserved 1083392K
  class space    used 5422K, capacity 5659K, committed 5760K, reserved 1048576K
}
Event: 367.215 GC heap before
{Heap before GC invocations=12 (full 2):
 PSYoungGen      total 169984K, used 169968K [0x00000000eab00000, 0x00000000f9380000, 0x0000000100000000)
  eden space 157696K, 100% used [0x00000000eab00000,0x00000000f4500000,0x00000000f4500000)
  from space 12288K, 99% used [0x00000000f4500000,0x00000000f50fc020,0x00000000f5100000)
  to   space 14336K, 0% used [0x00000000f8580000,0x00000000f8580000,0x00000000f9380000)
 ParOldGen       total 87040K, used 18045K [0x00000000c0000000, 0x00000000c5500000, 0x00000000eab00000)
  object space 87040K, 20% used [0x00000000c0000000,0x00000000c119f628,0x00000000c5500000)
 Metaspace       used 42621K, capacity 43560K, committed 43864K, reserved 1087488K
  class space    used 5888K, capacity 6151K, committed 6272K, reserved 1048576K
Event: 367.248 GC heap after
Heap after GC invocations=12 (full 2):
 PSYoungGen      total 216576K, used 14304K [0x00000000eab00000, 0x00000000f9380000, 0x0000000100000000)
  eden space 202240K, 0% used [0x00000000eab00000,0x00000000eab00000,0x00000000f7080000)
  from space 14336K, 99% used [0x00000000f8580000,0x00000000f9378040,0x00000000f9380000)
  to   space 17408K, 0% used [0x00000000f7180000,0x00000000f7180000,0x00000000f8280000)
 ParOldGen       total 87040K, used 22279K [0x00000000c0000000, 0x00000000c5500000, 0x00000000eab00000)
  object space 87040K, 25% used [0x00000000c0000000,0x00000000c15c1e80,0x00000000c5500000)
 Metaspace       used 42621K, capacity 43560K, committed 43864K, reserved 1087488K
  class space    used 5888K, capacity 6151K, committed 6272K, reserved 1048576K
}

