# JRE version: Java(TM) SE Runtime Environment (8.0_101-b13) (build 1.8.0_101-b13)
# Java VM: Java HotSpot(TM) 64-Bit Server VM (25.101-b13 mixed mode windows-amd64 compressed oops)
Heap:
 PSYoungGen      total 32256K, used 27572K [0x00000000d5580000, 0x00000000d9f00000, 0x0000000100000000)
  eden space 27136K, 100% used [0x00000000d5580000,0x00000000d7000000,0x00000000d7000000)
  from space 5120K, 8% used [0x00000000d7b00000,0x00000000d7b6d160,0x00000000d8000000)
  to   space 11264K, 14% used [0x00000000d7000000,0x00000000d7198000,0x00000000d7b00000)
 ParOldGen       total 58880K, used 8131K [0x0000000080000000, 0x0000000083980000, 0x00000000d5580000)
  object space 58880K, 13% used [0x0000000080000000,0x00000000807f0ec0,0x0000000083980000)
 Metaspace       used 18691K, capacity 19152K, committed 19456K, reserved 1067008K
  class space    used 2135K, capacity 2262K, committed 2304K, reserved 1048576K
GC Heap History (10 events):
Event: 2.673 GC heap after
Heap after GC invocations=3 (full 0):
 PSYoungGen      total 38400K, used 5104K [0x00000000d5580000, 0x00000000d8000000, 0x0000000100000000)
  eden space 33280K, 0% used [0x00000000d5580000,0x00000000d5580000,0x00000000d7600000)
  from space 5120K, 99% used [0x00000000d7600000,0x00000000d7afc118,0x00000000d7b00000)
  to   space 5120K, 0% used [0x00000000d7b00000,0x00000000d7b00000,0x00000000d8000000)
 ParOldGen       total 87552K, used 4309K [0x0000000080000000, 0x0000000085580000, 0x00000000d5580000)
  object space 87552K, 4% used [0x0000000080000000,0x0000000080435680,0x0000000085580000)
 Metaspace       used 14885K, capacity 15192K, committed 15232K, reserved 1062912K
  class space    used 1796K, capacity 1900K, committed 1920K, reserved 1048576K
}
Event: 3.692 GC heap before
{Heap before GC invocations=4 (full 0):
 PSYoungGen      total 38400K, used 38384K [0x00000000d5580000, 0x00000000d8000000, 0x0000000100000000)
  eden space 33280K, 100% used [0x00000000d5580000,0x00000000d7600000,0x00000000d7600000)
  from space 5120K, 99% used [0x00000000d7600000,0x00000000d7afc118,0x00000000d7b00000)
  to   space 5120K, 0% used [0x00000000d7b00000,0x00000000d7b00000,0x00000000d8000000)
 ParOldGen       total 87552K, used 4309K [0x0000000080000000, 0x0000000085580000, 0x00000000d5580000)
  object space 87552K, 4% used [0x0000000080000000,0x0000000080435680,0x0000000085580000)
 Metaspace       used 17497K, capacity 17898K, committed 18048K, reserved 1064960K
  class space    used 2009K, capacity 2165K, committed 2176K, reserved 1048576K
Event: 3.709 GC heap after
Heap after GC invocations=4 (full 0):
 PSYoungGen      total 38400K, used 5092K [0x00000000d5580000, 0x00000000d8000000, 0x0000000100000000)
  eden space 33280K, 0% used [0x00000000d5580000,0x00000000d5580000,0x00000000d7600000)
  from space 5120K, 99% used [0x00000000d7b00000,0x00000000d7ff92d0,0x00000000d8000000)
  to   space 5120K, 0% used [0x00000000d7600000,0x00000000d7600000,0x00000000d7b00000)
 ParOldGen       total 87552K, used 8197K [0x0000000080000000, 0x0000000085580000, 0x00000000d5580000)
  object space 87552K, 9% used [0x0000000080000000,0x0000000080801480,0x0000000085580000)
 Metaspace       used 17497K, capacity 17898K, committed 18048K, reserved 1064960K
  class space    used 2009K, capacity 2165K, committed 2176K, reserved 1048576K
}
Event: 3.809 GC heap before
{Heap before GC invocations=5 (full 0):
 PSYoungGen      total 38400K, used 11443K [0x00000000d5580000, 0x00000000d8000000, 0x0000000100000000)
  eden space 33280K, 19% used [0x00000000d5580000,0x00000000d5bb3b58,0x00000000d7600000)
  from space 5120K, 99% used [0x00000000d7b00000,0x00000000d7ff92d0,0x00000000d8000000)
  to   space 5120K, 0% used [0x00000000d7600000,0x00000000d7600000,0x00000000d7b00000)
 ParOldGen       total 87552K, used 8197K [0x0000000080000000, 0x0000000085580000, 0x00000000d5580000)
  object space 87552K, 9% used [0x0000000080000000,0x0000000080801480,0x0000000085580000)
 Metaspace       used 17641K, capacity 17962K, committed 18048K, reserved 1069056K
  class space    used 2024K, capacity 2165K, committed 2176K, reserved 1048576K
Event: 3.819 GC heap after
Heap after GC invocations=5 (full 0):
 PSYoungGen      total 38400K, used 5096K [0x00000000d5580000, 0x00000000d8000000, 0x0000000100000000)
  eden space 33280K, 0% used [0x00000000d5580000,0x00000000d5580000,0x00000000d7600000)
  from space 5120K, 99% used [0x00000000d7600000,0x00000000d7afa1e8,0x00000000d7b00000)
  to   space 5120K, 0% used [0x00000000d7b00000,0x00000000d7b00000,0x00000000d8000000)
 ParOldGen       total 87552K, used 8404K [0x0000000080000000, 0x0000000085580000, 0x00000000d5580000)
  object space 87552K, 9% used [0x0000000080000000,0x00000000808351e8,0x0000000085580000)
 Metaspace       used 17641K, capacity 17962K, committed 18048K, reserved 1069056K
  class space    used 2024K, capacity 2165K, committed 2176K, reserved 1048576K
}
Event: 3.819 GC heap before
{Heap before GC invocations=6 (full 1):
 PSYoungGen      total 38400K, used 5096K [0x00000000d5580000, 0x00000000d8000000, 0x0000000100000000)
  eden space 33280K, 0% used [0x00000000d5580000,0x00000000d5580000,0x00000000d7600000)
  from space 5120K, 99% used [0x00000000d7600000,0x00000000d7afa1e8,0x00000000d7b00000)
  to   space 5120K, 0% used [0x00000000d7b00000,0x00000000d7b00000,0x00000000d8000000)
 ParOldGen       total 87552K, used 8404K [0x0000000080000000, 0x0000000085580000, 0x00000000d5580000)
  object space 87552K, 9% used [0x0000000080000000,0x00000000808351e8,0x0000000085580000)
 Metaspace       used 17641K, capacity 17962K, committed 18048K, reserved 1069056K
  class space    used 2024K, capacity 2165K, committed 2176K, reserved 1048576K
Event: 3.892 GC heap after
Heap after GC invocations=6 (full 1):
 PSYoungGen      total 38400K, used 0K [0x00000000d5580000, 0x00000000d8000000, 0x0000000100000000)
  eden space 33280K, 0% used [0x00000000d5580000,0x00000000d5580000,0x00000000d7600000)
  from space 5120K, 0% used [0x00000000d7600000,0x00000000d7600000,0x00000000d7b00000)
  to   space 5120K, 0% used [0x00000000d7b00000,0x00000000d7b00000,0x00000000d8000000)
 ParOldGen       total 58880K, used 8131K [0x0000000080000000, 0x0000000083980000, 0x00000000d5580000)
  object space 58880K, 13% used [0x0000000080000000,0x00000000807f0ec0,0x0000000083980000)
 Metaspace       used 17641K, capacity 17962K, committed 18048K, reserved 1067008K
  class space    used 2024K, capacity 2165K, committed 2176K, reserved 1048576K
}
Event: 4.288 GC heap before
{Heap before GC invocations=7 (full 1):
 PSYoungGen      total 38400K, used 33280K [0x00000000d5580000, 0x00000000d8000000, 0x0000000100000000)
  eden space 33280K, 100% used [0x00000000d5580000,0x00000000d7600000,0x00000000d7600000)
  from space 5120K, 0% used [0x00000000d7600000,0x00000000d7600000,0x00000000d7b00000)
  to   space 5120K, 0% used [0x00000000d7b00000,0x00000000d7b00000,0x00000000d8000000)
 ParOldGen       total 58880K, used 8131K [0x0000000080000000, 0x0000000083980000, 0x00000000d5580000)
  object space 58880K, 13% used [0x0000000080000000,0x00000000807f0ec0,0x0000000083980000)
 Metaspace       used 17773K, capacity 18282K, committed 18432K, reserved 1067008K
  class space    used 2042K, capacity 2229K, committed 2304K, reserved 1048576K
Event: 4.290 GC heap after
Heap after GC invocations=7 (full 1):
 PSYoungGen      total 32256K, used 436K [0x00000000d5580000, 0x00000000d9f00000, 0x0000000100000000)
  eden space 27136K, 0% used [0x00000000d5580000,0x00000000d5580000,0x00000000d7000000)
  from space 5120K, 8% used [0x00000000d7b00000,0x00000000d7b6d160,0x00000000d8000000)
  to   space 11264K, 0% used [0x00000000d7000000,0x00000000d7000000,0x00000000d7b00000)
 ParOldGen       total 58880K, used 8131K [0x0000000080000000, 0x0000000083980000, 0x00000000d5580000)
  object space 58880K, 13% used [0x0000000080000000,0x00000000807f0ec0,0x0000000083980000)
 Metaspace       used 17773K, capacity 18282K, committed 18432K, reserved 1067008K
  class space    used 2042K, capacity 2229K, committed 2304K, reserved 1048576K
}
Event: 4.588 GC heap before
{Heap before GC invocations=8 (full 1):
 PSYoungGen      total 32256K, used 27572K [0x00000000d5580000, 0x00000000d9f00000, 0x0000000100000000)
  eden space 27136K, 100% used [0x00000000d5580000,0x00000000d7000000,0x00000000d7000000)
  from space 5120K, 8% used [0x00000000d7b00000,0x00000000d7b6d160,0x00000000d8000000)
  to   space 11264K, 0% used [0x00000000d7000000,0x00000000d7000000,0x00000000d7b00000)
 ParOldGen       total 58880K, used 8131K [0x0000000080000000, 0x0000000083980000, 0x00000000d5580000)
  object space 58880K, 13% used [0x0000000080000000,0x00000000807f0ec0,0x0000000083980000)
 Metaspace       used 18691K, capacity 19152K, committed 19456K, reserved 1067008K
  class space    used 2135K, capacity 2262K, committed 2304K, reserved 1048576K

