# JRE version: Java(TM) SE Runtime Environment (8.0_101-b13) (build 1.8.0_101-b13)
# Java VM: Java HotSpot(TM) 64-Bit Server VM (25.101-b13 mixed mode windows-amd64 compressed oops)
Heap:
 PSYoungGen      total 71680K, used 57823K [0x00000000eab00000, 0x00000000ef600000, 0x0000000100000000)
  eden space 66560K, 79% used [0x00000000eab00000,0x00000000ede7ffa0,0x00000000eec00000)
  from space 5120K, 99% used [0x00000000ef100000,0x00000000ef5f8010,0x00000000ef600000)
  to   space 5120K, 0% used [0x00000000eec00000,0x00000000eec00000,0x00000000ef100000)
 ParOldGen       total 57856K, used 12150K [0x00000000c0000000, 0x00000000c3880000, 0x00000000eab00000)
  object space 57856K, 21% used [0x00000000c0000000,0x00000000c0bdd830,0x00000000c3880000)
 Metaspace       used 31986K, capacity 32496K, committed 32896K, reserved 1079296K
  class space    used 4424K, capacity 4614K, committed 4736K, reserved 1048576K
GC Heap History (10 events):
Event: 3.808 GC heap before
{Heap before GC invocations=3 (full 0):
 PSYoungGen      total 38400K, used 38381K [0x00000000eab00000, 0x00000000ed580000, 0x0000000100000000)
  eden space 33280K, 100% used [0x00000000eab00000,0x00000000ecb80000,0x00000000ecb80000)
  from space 5120K, 99% used [0x00000000ed080000,0x00000000ed57b510,0x00000000ed580000)
  to   space 5120K, 0% used [0x00000000ecb80000,0x00000000ecb80000,0x00000000ed080000)
 ParOldGen       total 87552K, used 823K [0x00000000c0000000, 0x00000000c5580000, 0x00000000eab00000)
  object space 87552K, 0% used [0x00000000c0000000,0x00000000c00cdce8,0x00000000c5580000)
 Metaspace       used 15723K, capacity 16014K, committed 16256K, reserved 1062912K
  class space    used 2254K, capacity 2345K, committed 2432K, reserved 1048576K
Event: 3.911 GC heap after
Heap after GC invocations=3 (full 0):
 PSYoungGen      total 38400K, used 5109K [0x00000000eab00000, 0x00000000ef600000, 0x0000000100000000)
  eden space 33280K, 0% used [0x00000000eab00000,0x00000000eab00000,0x00000000ecb80000)
  from space 5120K, 99% used [0x00000000ecb80000,0x00000000ed07d528,0x00000000ed080000)
  to   space 5120K, 0% used [0x00000000ef100000,0x00000000ef100000,0x00000000ef600000)
 ParOldGen       total 87552K, used 3308K [0x00000000c0000000, 0x00000000c5580000, 0x00000000eab00000)
  object space 87552K, 3% used [0x00000000c0000000,0x00000000c033b140,0x00000000c5580000)
 Metaspace       used 15723K, capacity 16014K, committed 16256K, reserved 1062912K
  class space    used 2254K, capacity 2345K, committed 2432K, reserved 1048576K
}
Event: 5.154 GC heap before
{Heap before GC invocations=4 (full 0):
 PSYoungGen      total 38400K, used 35322K [0x00000000eab00000, 0x00000000ef600000, 0x0000000100000000)
  eden space 33280K, 90% used [0x00000000eab00000,0x00000000ec8814c8,0x00000000ecb80000)
  from space 5120K, 99% used [0x00000000ecb80000,0x00000000ed07d528,0x00000000ed080000)
  to   space 5120K, 0% used [0x00000000ef100000,0x00000000ef100000,0x00000000ef600000)
 ParOldGen       total 87552K, used 3308K [0x00000000c0000000, 0x00000000c5580000, 0x00000000eab00000)
  object space 87552K, 3% used [0x00000000c0000000,0x00000000c033b140,0x00000000c5580000)
 Metaspace       used 20819K, capacity 21102K, committed 21248K, reserved 1067008K
  class space    used 2925K, capacity 3017K, committed 3072K, reserved 1048576K
Event: 5.171 GC heap after
Heap after GC invocations=4 (full 0):
 PSYoungGen      total 71680K, used 5088K [0x00000000eab00000, 0x00000000ef600000, 0x0000000100000000)
  eden space 66560K, 0% used [0x00000000eab00000,0x00000000eab00000,0x00000000eec00000)
  from space 5120K, 99% used [0x00000000ef100000,0x00000000ef5f8030,0x00000000ef600000)
  to   space 5120K, 0% used [0x00000000eec00000,0x00000000eec00000,0x00000000ef100000)
 ParOldGen       total 87552K, used 7376K [0x00000000c0000000, 0x00000000c5580000, 0x00000000eab00000)
  object space 87552K, 8% used [0x00000000c0000000,0x00000000c0734338,0x00000000c5580000)
 Metaspace       used 20819K, capacity 21102K, committed 21248K, reserved 1067008K
  class space    used 2925K, capacity 3017K, committed 3072K, reserved 1048576K
}
Event: 5.171 GC heap before
{Heap before GC invocations=5 (full 1):
 PSYoungGen      total 71680K, used 5088K [0x00000000eab00000, 0x00000000ef600000, 0x0000000100000000)
  eden space 66560K, 0% used [0x00000000eab00000,0x00000000eab00000,0x00000000eec00000)
  from space 5120K, 99% used [0x00000000ef100000,0x00000000ef5f8030,0x00000000ef600000)
  to   space 5120K, 0% used [0x00000000eec00000,0x00000000eec00000,0x00000000ef100000)
 ParOldGen       total 87552K, used 7376K [0x00000000c0000000, 0x00000000c5580000, 0x00000000eab00000)
  object space 87552K, 8% used [0x00000000c0000000,0x00000000c0734338,0x00000000c5580000)
 Metaspace       used 20819K, capacity 21102K, committed 21248K, reserved 1067008K
  class space    used 2925K, capacity 3017K, committed 3072K, reserved 1048576K
Event: 5.237 GC heap after
Heap after GC invocations=5 (full 1):
 PSYoungGen      total 71680K, used 0K [0x00000000eab00000, 0x00000000ef600000, 0x0000000100000000)
  eden space 66560K, 0% used [0x00000000eab00000,0x00000000eab00000,0x00000000eec00000)
  from space 5120K, 0% used [0x00000000ef100000,0x00000000ef100000,0x00000000ef600000)
  to   space 5120K, 0% used [0x00000000eec00000,0x00000000eec00000,0x00000000ef100000)
 ParOldGen       total 57856K, used 8938K [0x00000000c0000000, 0x00000000c3880000, 0x00000000eab00000)
  object space 57856K, 15% used [0x00000000c0000000,0x00000000c08ba8c0,0x00000000c3880000)
 Metaspace       used 20819K, capacity 21102K, committed 21248K, reserved 1067008K
  class space    used 2925K, capacity 3017K, committed 3072K, reserved 1048576K
}
Event: 7.261 GC heap before
{Heap before GC invocations=6 (full 1):
 PSYoungGen      total 71680K, used 66560K [0x00000000eab00000, 0x00000000ef600000, 0x0000000100000000)
  eden space 66560K, 100% used [0x00000000eab00000,0x00000000eec00000,0x00000000eec00000)
  from space 5120K, 0% used [0x00000000ef100000,0x00000000ef100000,0x00000000ef600000)
  to   space 5120K, 0% used [0x00000000eec00000,0x00000000eec00000,0x00000000ef100000)
 ParOldGen       total 57856K, used 8938K [0x00000000c0000000, 0x00000000c3880000, 0x00000000eab00000)
  object space 57856K, 15% used [0x00000000c0000000,0x00000000c08ba8c0,0x00000000c3880000)
 Metaspace       used 25951K, capacity 26322K, committed 26624K, reserved 1073152K
  class space    used 3661K, capacity 3770K, committed 3840K, reserved 1048576K
Event: 7.316 GC heap after
Heap after GC invocations=6 (full 1):
 PSYoungGen      total 71680K, used 5094K [0x00000000eab00000, 0x00000000ef600000, 0x0000000100000000)
  eden space 66560K, 0% used [0x00000000eab00000,0x00000000eab00000,0x00000000eec00000)
  from space 5120K, 99% used [0x00000000eec00000,0x00000000ef0f9918,0x00000000ef100000)
  to   space 5120K, 0% used [0x00000000ef100000,0x00000000ef100000,0x00000000ef600000)
 ParOldGen       total 57856K, used 10913K [0x00000000c0000000, 0x00000000c3880000, 0x00000000eab00000)
  object space 57856K, 18% used [0x00000000c0000000,0x00000000c0aa8650,0x00000000c3880000)
 Metaspace       used 25951K, capacity 26322K, committed 26624K, reserved 1073152K
  class space    used 3661K, capacity 3770K, committed 3840K, reserved 1048576K
}
Event: 11.148 GC heap before
{Heap before GC invocations=7 (full 1):
 PSYoungGen      total 71680K, used 71654K [0x00000000eab00000, 0x00000000ef600000, 0x0000000100000000)
  eden space 66560K, 100% used [0x00000000eab00000,0x00000000eec00000,0x00000000eec00000)
  from space 5120K, 99% used [0x00000000eec00000,0x00000000ef0f9918,0x00000000ef100000)
  to   space 5120K, 0% used [0x00000000ef100000,0x00000000ef100000,0x00000000ef600000)
 ParOldGen       total 57856K, used 10913K [0x00000000c0000000, 0x00000000c3880000, 0x00000000eab00000)
  object space 57856K, 18% used [0x00000000c0000000,0x00000000c0aa8650,0x00000000c3880000)
 Metaspace       used 29070K, capacity 29526K, committed 29824K, reserved 1075200K
  class space    used 3998K, capacity 4158K, committed 4224K, reserved 1048576K
Event: 11.184 GC heap after
Heap after GC invocations=7 (full 1):
 PSYoungGen      total 71680K, used 5088K [0x00000000eab00000, 0x00000000ef600000, 0x0000000100000000)
  eden space 66560K, 0% used [0x00000000eab00000,0x00000000eab00000,0x00000000eec00000)
  from space 5120K, 99% used [0x00000000ef100000,0x00000000ef5f8010,0x00000000ef600000)
  to   space 5120K, 0% used [0x00000000eec00000,0x00000000eec00000,0x00000000ef100000)
 ParOldGen       total 57856K, used 12150K [0x00000000c0000000, 0x00000000c3880000, 0x00000000eab00000)
  object space 57856K, 21% used [0x00000000c0000000,0x00000000c0bdd830,0x00000000c3880000)
 Metaspace       used 29070K, capacity 29526K, committed 29824K, reserved 1075200K
  class space    used 3998K, capacity 4158K, committed 4224K, reserved 1048576K
}

