# JRE version: Java(TM) SE Runtime Environment (8.0_101-b13) (build 1.8.0_101-b13)
# Java VM: Java HotSpot(TM) 64-Bit Server VM (25.101-b13 mixed mode windows-amd64 compressed oops)
Heap:
 PSYoungGen      total 225792K, used 114928K [0x00000000f0000000, 0x0000000100000000, 0x0000000100000000)
  eden space 205824K, 46% used [0x00000000f0000000,0x00000000f5cc1800,0x00000000fc900000)
  from space 19968K, 99% used [0x00000000fec80000,0x00000000ffffab20,0x0000000100000000)
  to   space 28160K, 0% used [0x00000000fc900000,0x00000000fc900000,0x00000000fe480000)
 ParOldGen       total 524288K, used 25122K [0x00000000d0000000, 0x00000000f0000000, 0x00000000f0000000)
  object space 524288K, 4% used [0x00000000d0000000,0x00000000d1888be0,0x00000000f0000000)
 Metaspace       used 34300K, capacity 35044K, committed 35328K, reserved 1081344K
  class space    used 4042K, capacity 4227K, committed 4352K, reserved 1048576K
GC Heap History (10 events):
Event: 10.122 GC heap before
{Heap before GC invocations=7 (full 1):
 PSYoungGen      total 229376K, used 196608K [0x00000000f0000000, 0x0000000100000000, 0x0000000100000000)
  eden space 196608K, 100% used [0x00000000f0000000,0x00000000fc000000,0x00000000fc000000)
  from space 32768K, 0% used [0x00000000fc000000,0x00000000fc000000,0x00000000fe000000)
  to   space 19456K, 0% used [0x00000000fed00000,0x00000000fed00000,0x0000000100000000)
 ParOldGen       total 524288K, used 14281K [0x00000000d0000000, 0x00000000f0000000, 0x00000000f0000000)
  object space 524288K, 2% used [0x00000000d0000000,0x00000000d0df2550,0x00000000f0000000)
 Metaspace       used 21657K, capacity 22122K, committed 22400K, reserved 1069056K
  class space    used 2568K, capacity 2687K, committed 2688K, reserved 1048576K
Event: 10.129 GC heap after
Heap after GC invocations=7 (full 1):
 PSYoungGen      total 240640K, used 3065K [0x00000000f0000000, 0x0000000100000000, 0x0000000100000000)
  eden space 221184K, 0% used [0x00000000f0000000,0x00000000f0000000,0x00000000fd800000)
  from space 19456K, 15% used [0x00000000fed00000,0x00000000feffe668,0x0000000100000000)
  to   space 20480K, 0% used [0x00000000fd800000,0x00000000fd800000,0x00000000fec00000)
 ParOldGen       total 524288K, used 14281K [0x00000000d0000000, 0x00000000f0000000, 0x00000000f0000000)
  object space 524288K, 2% used [0x00000000d0000000,0x00000000d0df2550,0x00000000f0000000)
 Metaspace       used 21657K, capacity 22122K, committed 22400K, reserved 1069056K
  class space    used 2568K, capacity 2687K, committed 2688K, reserved 1048576K
}
Event: 11.372 GC heap before
{Heap before GC invocations=8 (full 1):
 PSYoungGen      total 240640K, used 224249K [0x00000000f0000000, 0x0000000100000000, 0x0000000100000000)
  eden space 221184K, 100% used [0x00000000f0000000,0x00000000fd800000,0x00000000fd800000)
  from space 19456K, 15% used [0x00000000fed00000,0x00000000feffe668,0x0000000100000000)
  to   space 20480K, 0% used [0x00000000fd800000,0x00000000fd800000,0x00000000fec00000)
 ParOldGen       total 524288K, used 14281K [0x00000000d0000000, 0x00000000f0000000, 0x00000000f0000000)
  object space 524288K, 2% used [0x00000000d0000000,0x00000000d0df2550,0x00000000f0000000)
 Metaspace       used 26245K, capacity 26832K, committed 27136K, reserved 1073152K
  class space    used 3160K, capacity 3287K, committed 3328K, reserved 1048576K
Event: 11.389 GC heap after
Heap after GC invocations=8 (full 1):
 PSYoungGen      total 241664K, used 6090K [0x00000000f0000000, 0x0000000100000000, 0x0000000100000000)
  eden space 221184K, 0% used [0x00000000f0000000,0x00000000f0000000,0x00000000fd800000)
  from space 20480K, 29% used [0x00000000fd800000,0x00000000fddf2b10,0x00000000fec00000)
  to   space 19968K, 0% used [0x00000000fec80000,0x00000000fec80000,0x0000000100000000)
 ParOldGen       total 524288K, used 14353K [0x00000000d0000000, 0x00000000f0000000, 0x00000000f0000000)
  object space 524288K, 2% used [0x00000000d0000000,0x00000000d0e04560,0x00000000f0000000)
 Metaspace       used 26245K, capacity 26832K, committed 27136K, reserved 1073152K
  class space    used 3160K, capacity 3287K, committed 3328K, reserved 1048576K
}
Event: 12.340 GC heap before
{Heap before GC invocations=9 (full 1):
 PSYoungGen      total 241664K, used 227274K [0x00000000f0000000, 0x0000000100000000, 0x0000000100000000)
  eden space 221184K, 100% used [0x00000000f0000000,0x00000000fd800000,0x00000000fd800000)
  from space 20480K, 29% used [0x00000000fd800000,0x00000000fddf2b10,0x00000000fec00000)
  to   space 19968K, 0% used [0x00000000fec80000,0x00000000fec80000,0x0000000100000000)
 ParOldGen       total 524288K, used 14353K [0x00000000d0000000, 0x00000000f0000000, 0x00000000f0000000)
  object space 524288K, 2% used [0x00000000d0000000,0x00000000d0e04560,0x00000000f0000000)
 Metaspace       used 29662K, capacity 30298K, committed 30464K, reserved 1077248K
  class space    used 3398K, capacity 3519K, committed 3584K, reserved 1048576K
Event: 12.369 GC heap after
Heap after GC invocations=9 (full 1):
 PSYoungGen      total 242688K, used 11614K [0x00000000f0000000, 0x0000000100000000, 0x0000000100000000)
  eden space 222720K, 0% used [0x00000000f0000000,0x00000000f0000000,0x00000000fd980000)
  from space 19968K, 58% used [0x00000000fec80000,0x00000000ff7d79b0,0x0000000100000000)
  to   space 19456K, 0% used [0x00000000fd980000,0x00000000fd980000,0x00000000fec80000)
 ParOldGen       total 524288K, used 14361K [0x00000000d0000000, 0x00000000f0000000, 0x00000000f0000000)
  object space 524288K, 2% used [0x00000000d0000000,0x00000000d0e06560,0x00000000f0000000)
 Metaspace       used 29662K, capacity 30298K, committed 30464K, reserved 1077248K
  class space    used 3398K, capacity 3519K, committed 3584K, reserved 1048576K
}
Event: 13.833 GC heap before
{Heap before GC invocations=10 (full 1):
 PSYoungGen      total 242688K, used 224693K [0x00000000f0000000, 0x0000000100000000, 0x0000000100000000)
  eden space 222720K, 95% used [0x00000000f0000000,0x00000000fd015d20,0x00000000fd980000)
  from space 19968K, 58% used [0x00000000fec80000,0x00000000ff7d79b0,0x0000000100000000)
  to   space 19456K, 0% used [0x00000000fd980000,0x00000000fd980000,0x00000000fec80000)
 ParOldGen       total 524288K, used 14361K [0x00000000d0000000, 0x00000000f0000000, 0x00000000f0000000)
  object space 524288K, 2% used [0x00000000d0000000,0x00000000d0e06560,0x00000000f0000000)
 Metaspace       used 31809K, capacity 32416K, committed 32512K, reserved 1077248K
  class space    used 3664K, capacity 3793K, committed 3840K, reserved 1048576K
Event: 13.864 GC heap after
Heap after GC invocations=10 (full 1):
 PSYoungGen      total 242176K, used 19434K [0x00000000f0000000, 0x0000000100000000, 0x0000000100000000)
  eden space 222720K, 0% used [0x00000000f0000000,0x00000000f0000000,0x00000000fd980000)
  from space 19456K, 99% used [0x00000000fd980000,0x00000000fec7a918,0x00000000fec80000)
  to   space 19968K, 0% used [0x00000000fec80000,0x00000000fec80000,0x0000000100000000)
 ParOldGen       total 524288K, used 16755K [0x00000000d0000000, 0x00000000f0000000, 0x00000000f0000000)
  object space 524288K, 3% used [0x00000000d0000000,0x00000000d105cda8,0x00000000f0000000)
 Metaspace       used 31809K, capacity 32416K, committed 32512K, reserved 1077248K
  class space    used 3664K, capacity 3793K, committed 3840K, reserved 1048576K
}
Event: 14.845 GC heap before
{Heap before GC invocations=11 (full 1):
 PSYoungGen      total 242176K, used 242154K [0x00000000f0000000, 0x0000000100000000, 0x0000000100000000)
  eden space 222720K, 100% used [0x00000000f0000000,0x00000000fd980000,0x00000000fd980000)
  from space 19456K, 99% used [0x00000000fd980000,0x00000000fec7a918,0x00000000fec80000)
  to   space 19968K, 0% used [0x00000000fec80000,0x00000000fec80000,0x0000000100000000)
 ParOldGen       total 524288K, used 16755K [0x00000000d0000000, 0x00000000f0000000, 0x00000000f0000000)
  object space 524288K, 3% used [0x00000000d0000000,0x00000000d105cda8,0x00000000f0000000)
 Metaspace       used 33491K, capacity 34230K, committed 34304K, reserved 1079296K
  class space    used 3891K, capacity 4059K, committed 4096K, reserved 1048576K
Event: 15.393 GC heap after
Heap after GC invocations=11 (full 1):
 PSYoungGen      total 225792K, used 19946K [0x00000000f0000000, 0x0000000100000000, 0x0000000100000000)
  eden space 205824K, 0% used [0x00000000f0000000,0x00000000f0000000,0x00000000fc900000)
  from space 19968K, 99% used [0x00000000fec80000,0x00000000ffffab20,0x0000000100000000)
  to   space 28160K, 0% used [0x00000000fc900000,0x00000000fc900000,0x00000000fe480000)
 ParOldGen       total 524288K, used 25122K [0x00000000d0000000, 0x00000000f0000000, 0x00000000f0000000)
  object space 524288K, 4% used [0x00000000d0000000,0x00000000d1888be0,0x00000000f0000000)
 Metaspace       used 33491K, capacity 34230K, committed 34304K, reserved 1079296K
  class space    used 3891K, capacity 4059K, committed 4096K, reserved 1048576K
}

